        -:    0:Source:src/questions.c
        -:    0:Graph:src/questions.gcno
        -:    0:Data:src/questions.gcda
        -:    0:Runs:1
        -:    1:#include "questions.h"
        -:    2:#include <stdio.h>
        -:    3:#include <string.h>
        -:    4:#include <stdlib.h>
        -:    5:#include <time.h>
        -:    6:#include <stdbool.h>
        -:    7:
        -:    8:static bool usedQuestions[MAX_DB_QUESTIONS] = {false};
        -:    9:
        4:   10:void InitQuestionDatabase() {
        4:   11:    srand(time(NULL));
        4:   12:    ResetUsedQuestions();
        4:   13:}
        -:   14:
        6:   15:void ResetUsedQuestions() {
     3006:   16:    for (int i = 0; i < MAX_DB_QUESTIONS; i++) {
     3000:   17:        usedQuestions[i] = false;
     3000:   18:    }
        6:   19:}
        -:   20:
       20:   21:int GetRandomQuestions(QuestionAction* output, int count, int level, int subject) {
       20:   22:    const DBQuestion* db = GetInternalQuestions();
       20:   23:    int total = GetInternalQuestionsCount();
        -:   24:    
        -:   25:    int filteredIndices[MAX_DB_QUESTIONS];
       20:   26:    int filteredCount = 0;
        -:   27:
        -:   28:    // Filtrar apenas questões não utilizadas daquela matéria e nível
      500:   29:    for (int i = 0; i < total && i < MAX_DB_QUESTIONS; i++) {
      480:   30:        if (db[i].level == level && db[i].subject == subject && !usedQuestions[i]) {
       15:   31:            filteredIndices[filteredCount++] = i;
       15:   32:        }
      480:   33:    }
        -:   34:
        -:   35:    // Se não houver questões não usadas desse nível, tenta relaxar a busca
       20:   36:    if (filteredCount == 0) {
      300:   37:        for (int i = 0; i < total && i < MAX_DB_QUESTIONS; i++) {
      288:   38:            if (db[i].subject == subject && !usedQuestions[i]) {
       23:   39:                filteredIndices[filteredCount++] = i;
       23:   40:            }
      288:   41:        }
       12:   42:    }
        -:   43:
        -:   44:    // EMERGÊNCIA: Se ainda assim não houver nada, resetamos o banco desta matéria
       20:   45:    if (filteredCount == 0) {
      100:   46:        for (int i = 0; i < total && i < MAX_DB_QUESTIONS; i++) {
       96:   47:            if (db[i].subject == subject) {
       24:   48:                usedQuestions[i] = false;
       24:   49:                filteredIndices[filteredCount++] = i;
       24:   50:            }
       96:   51:        }
        4:   52:    }
        -:   53:
       20:   54:    if (filteredCount == 0) return 0;
        -:   55:
       20:   56:    int picked = (filteredCount < count) ? filteredCount : count;
        -:   57:    
        -:   58:    // Embaralhar índices
       82:   59:    for (int i = 0; i < filteredCount; i++) {
       62:   60:        int j = rand() % filteredCount;
       62:   61:        int temp = filteredIndices[i];
       62:   62:        filteredIndices[i] = filteredIndices[j];
       62:   63:        filteredIndices[j] = temp;
       62:   64:    }
        -:   65:
        -:   66:    // Copiar e marcar como usada
       58:   67:    for (int i = 0; i < picked; i++) {
       38:   68:        int idx = filteredIndices[i];
       38:   69:        usedQuestions[idx] = true; 
        -:   70:
       38:   71:        strncpy(output[i].question, db[idx].question, 511);
      190:   72:        for (int j = 0; j < 4; j++) {
      152:   73:            strncpy(output[i].options[j], db[idx].options[j], 127);
      152:   74:        }
       38:   75:        output[i].correctIndex = db[idx].correctIndex;
       38:   76:        output[i].level = db[idx].level;
       38:   77:    }
        -:   78:
       20:   79:    return picked;
       20:   80:}
